<?xml version="1.0" encoding="UTF-8"?>
<testsuite name="cleanTest.CWhenDoTest" tests="1" skipped="0" failures="0" errors="0" timestamp="2022-10-16T00:01:44" hostname="DESKTOP-8CB6ALN" time="49.101">
  <properties/>
  <testcase name="deleteNoteTest()" classname="cleanTest.CWhenDoTest" time="49.101"/>
  <system-out><![CDATA[]]></system-out>
  <system-err><![CDATA[SLF4J: Failed to load class "org.slf4j.impl.StaticLoggerBinder".
SLF4J: Defaulting to no-operation (NOP) logger implementation
SLF4J: See http://www.slf4j.org/codes.html#StaticLoggerBinder for further details.
]]></system-err>
</testsuite>
